[TRACE] 2023-03-11 14:17:03.902 [main] Log4jAppender - Logging with trace
[DEBUG] 2023-03-11 14:17:03.904 [main] Log4jAppender - Logging with debug
[INFO ] 2023-03-11 14:17:03.904 [main] Log4jAppender - Logging with info
[WARN ] 2023-03-11 14:17:03.904 [main] Log4jAppender - Logging with debug
[ERROR] 2023-03-11 14:17:03.904 [main] Log4jAppender - Logging with debug
[FATAL] 2023-03-11 14:17:03.904 [main] Log4jAppender - Logging with debug
[DEBUG] 2023-03-11 15:39:06.669 [main] GoRest - The name value should active but we found active
[DEBUG] 2023-03-11 15:39:36.022 [main] GoRest - The name value should active but we found active
[INFO ] 2023-03-11 16:24:29.884 [main] ReadingFromExcelFile - First name from the first cell is Tech Global
[INFO ] 2023-03-11 16:29:46.051 [main] ReadingFromExcelFile - First name from the first cell is Tech Global
[INFO ] 2023-03-11 16:29:46.053 [main] ReadingFromExcelFile - The second id value is 2.0
[INFO ] 2023-03-11 16:29:46.053 [main] ReadingFromExcelFile - The last row number is 2
[INFO ] 2023-03-11 16:33:53.521 [main] ReadingFromExcelFile - First name from the first cell is Tech Global
[INFO ] 2023-03-11 16:33:53.524 [main] ReadingFromExcelFile - The second id value is 2.0
[INFO ] 2023-03-11 16:33:53.524 [main] ReadingFromExcelFile - The last row number is 2
[INFO ] 2023-03-11 16:33:53.524 [main] ReadingFromExcelFile - The last cell number from the file is 4
[INFO ] 2023-03-11 17:05:58.423 [main] ReadingFromExcelFile - First name from the first cell is Tech Global
[INFO ] 2023-03-11 17:05:58.428 [main] ReadingFromExcelFile - The second id value is 2.0
[INFO ] 2023-03-11 17:05:58.428 [main] ReadingFromExcelFile - The last row number is 2
[INFO ] 2023-03-11 17:05:58.429 [main] ReadingFromExcelFile - The last cell number from the file is 4
[DEBUG] 2023-03-12 11:34:27.779 [main] GoRestWithLombok_SchemaValidation - The name value should Tech Global but we found Tech Global
[INFO ] 2023-03-12 15:29:44.418 [main] TestingExcelUtil - Opening the excel file
[INFO ] 2023-03-12 15:29:44.857 [main] ExcelUtil - FileReadData is exists !
[INFO ] 2023-03-12 15:29:44.858 [main] ExcelUtil - SheetSheet1 is exists !
[DEBUG] 2023-03-12 15:29:44.858 [main] TestingExcelUtil - File opened
[INFO ] 2023-03-12 15:30:08.955 [main] TestingExcelUtil - Opening the excel file
[DEBUG] 2023-03-12 15:30:08.958 [main] ExcelUtil -  ReadData and  Sheet1 cannot be found
[DEBUG] 2023-03-12 15:30:08.958 [main] TestingExcelUtil - File opened
[INFO ] 2023-03-12 15:40:26.506 [main] TestingExcelUtil - Opening the excel file
[DEBUG] 2023-03-12 15:40:26.509 [main] ExcelUtil -  ReadData and  Sheet1 cannot be found
[DEBUG] 2023-03-12 15:40:26.509 [main] TestingExcelUtil - File opened
[INFO ] 2023-03-12 15:41:01.328 [main] TestingExcelUtil - Opening the excel file
[DEBUG] 2023-03-12 15:41:01.330 [main] ExcelUtil -  ReadData and  Sheet1 cannot be found
[DEBUG] 2023-03-12 15:41:01.330 [main] TestingExcelUtil - File opened
[INFO ] 2023-03-12 15:41:50.538 [main] TestingExcelUtil - Opening the Excel file
[INFO ] 2023-03-12 15:41:50.957 [main] ExcelUtil - FileReadData is exists !
[INFO ] 2023-03-12 15:41:50.958 [main] ExcelUtil - SheetSheet1 is exists !
[INFO ] 2023-03-12 15:41:50.975 [main] TestingExcelUtil - Cell value is 1.0
[INFO ] 2023-03-18 12:56:19.797 [main] TestingExcelUtil - Opening the Excel file
[INFO ] 2023-03-18 12:56:20.342 [main] ExcelUtil - File ReadData is exist!
[INFO ] 2023-03-18 12:56:20.344 [main] ExcelUtil - Sheet Sheet1 exist!
[INFO ] 2023-03-18 12:56:20.363 [main] TestingExcelUtil - Cell value is 1.0
[INFO ] 2023-03-18 14:13:00.805 [main] TestingExcelUtil - Opening the Excel file
[INFO ] 2023-03-18 14:13:01.286 [main] ExcelUtil - File ReadData is exist!
[INFO ] 2023-03-18 14:13:01.287 [main] ExcelUtil - Sheet Sheet1 exist!
[INFO ] 2023-03-18 14:13:01.303 [main] TestingExcelUtil - Cell value is 1.0
[INFO ] 2023-03-18 16:13:38.740 [main] AddPetToStoreWithLombok - Starting the test suite
[INFO ] 2023-03-18 16:13:39.451 [main] ExcelUtil - File PetDataToRead is exist!
[INFO ] 2023-03-18 16:13:39.453 [main] ExcelUtil - Sheet PetData exist!
[INFO ] 2023-03-21 11:41:54.311 [main] AddPetToStoreWithLombok - Starting the test suite
[INFO ] 2023-03-21 11:41:55.282 [main] ExcelUtil - File PetDataToRead is exist!
[INFO ] 2023-03-21 11:41:55.283 [main] ExcelUtil - Sheet PetData exist!
[INFO ] 2023-03-21 19:51:49.565 [main] AddPetToStoreWithLombok - Starting the test suite
[INFO ] 2023-03-21 19:51:49.569 [main] AddPetToStoreWithLombok - Starting the test suite
[INFO ] 2023-03-21 19:52:01.685 [main] ExcelUtil - File PetDataToRead is exist!
[INFO ] 2023-03-21 19:52:01.687 [main] ExcelUtil - Sheet PetData exist!
[DEBUG] 2023-03-21 19:52:05.400 [main] GoRest - The name value should active but we found active
[DEBUG] 2023-03-21 19:52:08.336 [main] GoRestWithLombok - The name value should Tech Global but we found Tech Global
[INFO ] 2023-03-21 19:52:09.819 [main] Runner - 
**************************************************************************************************************
--------------------------------------   LOCAL PRETTY REPORT CREATED   ----------------------------------------
Link: http://localhost:63342/backend_automation_5/target/cucumber-html-reports/overview-features.html
---------------------------------------------------------------------------------------------------------------
***************************************************************************************************************
[INFO ] 2023-03-21 20:04:13.605 [main] AddPetToStoreWithLombok - Starting the test suite
[INFO ] 2023-03-21 20:04:13.610 [main] AddPetToStoreWithLombok - Starting the test suite
[DEBUG] 2023-03-21 20:04:17.349 [main] GoRest - The name value should active but we found active
[DEBUG] 2023-03-21 20:04:20.321 [main] GoRestWithLombok - The name value should Tech Global but we found Tech Global
[INFO ] 2023-03-21 20:04:23.338 [main] ExcelUtil - File PetDataToRead is exist!
[INFO ] 2023-03-21 20:04:23.339 [main] ExcelUtil - Sheet PetData exist!
[INFO ] 2023-03-21 20:04:34.959 [main] Runner - 
**************************************************************************************************************
--------------------------------------   LOCAL PRETTY REPORT CREATED   ----------------------------------------
Link: http://localhost:63342/backend_automation_5/target/cucumber-html-reports/overview-features.html
---------------------------------------------------------------------------------------------------------------
***************************************************************************************************************
[INFO ] 2023-03-21 20:24:52.974 [main] AddPetToStoreWithLombok - Starting the test suite
[INFO ] 2023-03-21 20:24:52.977 [main] AddPetToStoreWithLombok - Starting the test suite
[INFO ] 2023-03-21 20:24:55.830 [main] ExcelUtil - File PetDataToRead is exist!
[INFO ] 2023-03-21 20:24:55.831 [main] ExcelUtil - Sheet PetData exist!
[DEBUG] 2023-03-21 20:25:07.358 [main] GoRest - The name value should active but we found active
[DEBUG] 2023-03-21 20:25:09.954 [main] GoRestWithLombok - The name value should Tech Global but we found Tech Global
[INFO ] 2023-03-21 20:25:11.335 [main] Runner - 
**************************************************************************************************************
--------------------------------------   LOCAL PRETTY REPORT CREATED   ----------------------------------------
Link: http://localhost:63342/backend_automation_5/target/cucumber-html-reports/overview-features.html
---------------------------------------------------------------------------------------------------------------
***************************************************************************************************************
[INFO ] 2023-03-21 20:25:32.684 [main] AddPetToStoreWithLombok - Starting the test suite
[INFO ] 2023-03-21 20:25:32.686 [main] AddPetToStoreWithLombok - Starting the test suite
[DEBUG] 2023-03-21 20:25:35.414 [main] GoRest - The name value should active but we found active
[DEBUG] 2023-03-21 20:25:37.974 [main] GoRestWithLombok - The name value should Tech Global but we found Tech Global
[INFO ] 2023-03-21 20:25:39.965 [main] ExcelUtil - File PetDataToRead is exist!
[INFO ] 2023-03-21 20:25:39.965 [main] ExcelUtil - Sheet PetData exist!
[INFO ] 2023-03-21 20:25:50.878 [main] Runner - 
**************************************************************************************************************
--------------------------------------   LOCAL PRETTY REPORT CREATED   ----------------------------------------
Link: http://localhost:63342/backend_automation_5/target/cucumber-html-reports/overview-features.html
---------------------------------------------------------------------------------------------------------------
***************************************************************************************************************
[INFO ] 2023-03-21 20:34:34.023 [main] Runner - 
**************************************************************************************************************
--------------------------------------   LOCAL PRETTY REPORT CREATED   ----------------------------------------
Link: http://localhost:63342/backend_automation_5/target/cucumber-html-reports/overview-features.html
---------------------------------------------------------------------------------------------------------------
***************************************************************************************************************
